<?xml version="1.0" encoding="UTF-8"?>
<testng-results ignored="0" total="1" passed="1" failed="0" skipped="0">
  <reporter-output>
  </reporter-output>
  <suite started-at="2023-08-06T14:04:45 IST" name="Default suite" finished-at="2023-08-06T14:05:20 IST" duration-ms="34970">
    <groups>
    </groups>
    <test started-at="2023-08-06T14:04:45 IST" name="Default test" finished-at="2023-08-06T14:05:20 IST" duration-ms="34970">
      <class name="trelloendtoend.TrelloCreateAndDeleteBoard">
        <test-method is-config="true" signature="executeBeforeMethod()[pri:0, instance:trelloendtoend.TrelloCreateAndDeleteBoard@6aba2b86]" started-at="2023-08-06T14:04:45 IST" name="executeBeforeMethod" finished-at="2023-08-06T14:05:00 IST" duration-ms="15352" status="PASS">
          <reporter-output>
          </reporter-output>
        </test-method> <!-- executeBeforeMethod -->
        <test-method signature="CreateAndDeleteBoard()[pri:0, instance:trelloendtoend.TrelloCreateAndDeleteBoard@6aba2b86]" started-at="2023-08-06T14:05:00 IST" name="CreateAndDeleteBoard" finished-at="2023-08-06T14:05:20 IST" duration-ms="19552" status="PASS">
          <reporter-output>
          </reporter-output>
        </test-method> <!-- CreateAndDeleteBoard -->
      </class> <!-- trelloendtoend.TrelloCreateAndDeleteBoard -->
    </test> <!-- Default test -->
  </suite> <!-- Default suite -->
</testng-results>
